TN:
SF:src/domain/index.ts
FNF:0
FNH:0
DA:1,1
DA:2,1
DA:3,1
DA:4,1
DA:5,1
DA:6,1
DA:7,1
DA:8,1
DA:9,1
DA:10,1
LF:10
LH:10
BRF:0
BRH:0
end_of_record
TN:
SF:src/domain/datasources/card.datasouce.ts
FNF:0
FNH:0
DA:1,1
DA:2,1
DA:3,1
DA:4,1
DA:5,1
DA:6,1
DA:7,1
LF:7
LH:7
BRF:0
BRH:0
end_of_record
TN:
SF:src/domain/datasources/commerce.datasouce.ts
FNF:0
FNH:0
DA:1,1
DA:2,1
DA:3,1
DA:4,1
DA:5,1
DA:6,1
DA:7,1
DA:8,1
DA:9,1
LF:9
LH:9
BRF:0
BRH:0
end_of_record
TN:
SF:src/domain/dtos/index.ts
FNF:0
FNH:0
DA:1,1
DA:2,1
LF:2
LH:2
BRF:0
BRH:0
end_of_record
TN:
SF:src/domain/dtos/card/create-card.dto.ts
FN:5,CreateCardDto
FN:13,create
FNF:2
FNH:2
FNDA:1,CreateCardDto
FNDA:2,create
DA:1,1
DA:2,1
DA:3,1
DA:4,1
DA:5,1
DA:6,1
DA:7,1
DA:8,1
DA:9,1
DA:10,1
DA:11,1
DA:12,1
DA:13,1
DA:14,2
DA:15,2
DA:16,2
DA:17,2
DA:18,2
DA:19,2
DA:20,2
DA:21,2
DA:22,1
DA:23,1
DA:24,1
DA:25,1
DA:26,1
DA:27,1
DA:28,0
DA:29,0
DA:30,1
DA:31,2
DA:32,2
DA:33,1
DA:34,1
DA:35,1
DA:36,1
DA:37,1
DA:38,1
DA:39,0
DA:40,0
DA:41,1
DA:42,2
DA:43,2
DA:44,1
DA:45,1
DA:46,1
DA:47,1
DA:48,1
DA:49,1
DA:50,1
DA:51,0
DA:52,0
DA:53,1
DA:54,2
DA:55,2
DA:56,1
DA:57,1
DA:58,1
DA:59,1
DA:60,1
DA:61,1
DA:62,1
DA:63,0
DA:64,0
DA:65,1
DA:66,2
DA:67,2
DA:68,1
DA:69,1
DA:70,1
DA:71,1
DA:72,1
DA:73,1
DA:74,1
DA:75,0
DA:76,0
DA:77,1
DA:78,2
DA:79,2
DA:80,1
DA:81,1
DA:82,1
DA:83,1
DA:84,1
DA:85,1
DA:86,1
DA:87,1
DA:88,1
DA:89,1
DA:90,1
DA:91,1
DA:92,1
DA:93,1
DA:94,1
LF:94
LH:84
BRDA:5,0,0,1
BRDA:13,1,0,2
BRDA:21,2,0,1
BRDA:27,3,0,0
BRDA:32,4,0,1
BRDA:38,5,0,0
BRDA:43,6,0,1
BRDA:50,7,0,0
BRDA:55,8,0,1
BRDA:62,9,0,0
BRDA:67,10,0,1
BRDA:74,11,0,0
BRDA:79,12,0,1
BRF:13
BRH:8
end_of_record
TN:
SF:src/domain/dtos/commerce/create-commerce.dto.ts
FN:2,CreateCommerceDto
FN:7,create
FNF:2
FNH:2
FNDA:1,CreateCommerceDto
FNDA:3,create
DA:1,1
DA:2,1
DA:3,1
DA:4,1
DA:5,1
DA:6,1
DA:7,1
DA:8,3
DA:9,3
DA:10,3
DA:11,3
DA:12,1
DA:13,1
DA:14,1
DA:15,1
LF:15
LH:15
BRDA:2,0,0,1
BRDA:7,1,0,3
BRDA:10,2,0,1
BRDA:11,3,0,2
BRDA:11,4,0,1
BRF:5
BRH:5
end_of_record
TN:
SF:src/domain/entities/card.entity.ts
FN:2,CardEntity
FN:10,fromObject
FNF:2
FNH:2
FNDA:3,CardEntity
FNDA:1,fromObject
DA:1,1
DA:2,1
DA:3,3
DA:4,3
DA:5,3
DA:6,3
DA:7,3
DA:8,3
DA:9,1
DA:10,1
DA:11,1
DA:12,1
DA:13,1
DA:14,1
DA:15,1
DA:16,0
DA:17,0
DA:18,1
DA:19,0
DA:20,0
DA:21,1
DA:22,0
DA:23,0
DA:24,1
DA:25,0
DA:26,0
DA:27,1
DA:28,0
DA:29,0
DA:30,1
DA:31,1
DA:32,0
DA:33,0
DA:34,1
DA:35,1
DA:36,1
DA:37,1
DA:38,1
DA:39,1
DA:40,1
DA:41,1
DA:42,1
DA:43,1
LF:43
LH:31
BRDA:2,0,0,3
BRDA:10,1,0,1
BRDA:15,2,0,0
BRDA:18,3,0,0
BRDA:21,4,0,0
BRDA:24,5,0,0
BRDA:27,6,0,0
BRDA:31,7,0,0
BRF:8
BRH:2
end_of_record
TN:
SF:src/domain/entities/commerce.entity.ts
FN:2,CommerceEntity
FN:4,fromObject
FNF:2
FNH:2
FNDA:2,CommerceEntity
FNDA:1,fromObject
DA:1,1
DA:2,1
DA:3,1
DA:4,1
DA:5,1
DA:6,1
DA:7,1
DA:8,1
DA:9,1
DA:10,1
DA:11,1
LF:11
LH:11
BRDA:2,0,0,2
BRDA:4,1,0,1
BRDA:6,2,0,0
BRDA:7,3,0,0
BRF:4
BRH:2
end_of_record
TN:
SF:src/domain/repositories/card.repository.ts
FNF:0
FNH:0
DA:1,1
DA:2,1
DA:3,1
DA:4,1
DA:5,1
DA:6,1
DA:7,1
LF:7
LH:7
BRF:0
BRH:0
end_of_record
TN:
SF:src/domain/repositories/commerce.repository.ts
FNF:0
FNH:0
DA:1,1
DA:2,1
DA:3,1
DA:4,1
DA:5,1
DA:6,1
DA:7,1
DA:8,1
DA:9,1
LF:9
LH:9
BRF:0
BRH:0
end_of_record
TN:
SF:src/utils/customValidator.ts
FN:1,isExpirationYear
FNF:1
FNH:1
FNDA:1,isExpirationYear
DA:1,1
DA:2,1
DA:3,1
DA:4,1
DA:5,1
DA:6,1
DA:7,1
DA:8,1
LF:8
LH:8
BRDA:1,0,0,1
BRF:1
BRH:1
end_of_record
